<?xml version="1.0" encoding="UTF-8"?>
<testsuite name="tests.First" tests="2" skipped="0" failures="0" errors="0" timestamp="2023-06-21T12:28:29" hostname="DESKTOP-9FIGOK3" time="22.575">
  <properties/>
  <testcase name="[1] EN, [Quick start, Docs, FAQ, Blog, Javadoc, Users, Quotes]" classname="tests.First" time="20.373"/>
  <testcase name="[2] RU, [С чего начать?, Док, ЧАВО, Блог, Javadoc, Пользователи, Отзывы]" classname="tests.First" time="2.191"/>
  <system-out><![CDATA[]]></system-out>
  <system-err><![CDATA[log4j:WARN No appenders could be found for logger (com.codeborne.selenide.impl.CiReportUrl).
log4j:WARN Please initialize the log4j system properly.
log4j:WARN See http://logging.apache.org/log4j/1.2/faq.html#noconfig for more info.
]]></system-err>
</testsuite>
