<?xml version="1.0" encoding="UTF-8"?>
<testsuite name="tests.First" tests="2" skipped="0" failures="0" errors="0" timestamp="2023-06-21T11:58:08" hostname="DESKTOP-9FIGOK3" time="38.341">
  <properties/>
  <testcase name="[1] EN, [Quick start, Docs, FAQ, Blog, Javadoc, Users, Quotes]" classname="tests.First" time="34.505"/>
  <testcase name="[2] RU, [С чего начать?, Док, ЧАВО, Блог, Javadoc, Пользователи, Отзывы]" classname="tests.First" time="3.795"/>
  <system-out><![CDATA[]]></system-out>
  <system-err><![CDATA[log4j:WARN No appenders could be found for logger (com.codeborne.selenide.impl.CiReportUrl).
log4j:WARN Please initialize the log4j system properly.
log4j:WARN See http://logging.apache.org/log4j/1.2/faq.html#noconfig for more info.
1687348692495	geckodriver	INFO	Listening on 127.0.0.1:43531
1687348694066	mozrunner::runner	INFO	Running command: "C:\\Program Files\\Mozilla Firefox\\firefox.exe" "--marionette" "--remote-debugging-port" "41690" "--remote ... localhost:41690/,http://[::1]:41690/" "-no-remote" "-profile" "C:\\Users\\barat\\AppData\\Local\\Temp\\rust_mozprofileW2OgkS"
console.warn: services.settings: Ignoring preference override of remote settings server
console.warn: services.settings: Allow by setting MOZ_REMOTE_SETTINGS_DEVTOOLS=1 in the environment
1687348695031	Marionette	INFO	Marionette enabled
Dynamically enable window occlusion 0
1687348695038	Marionette	INFO	Listening on port 59770
Read port: 59770
WebDriver BiDi listening on ws://127.0.0.1:41690
1687348695399	RemoteAgent	WARN	TLS certificate errors will be ignored for this session
console.warn: SearchSettings: "get: No settings file exists, new profile?" (new NotFoundError("Could not open the file at C:\\Users\\barat\\AppData\\Local\\Temp\\rust_mozprofileW2OgkS\\search.json.mozlz4", (void 0)))
[ERROR glean_core] Error setting metrics feature config: Json(Error("EOF while parsing a value", line: 1, column: 0))
console.error: Region.sys.mjs: "Error fetching region" (new AbortError("The operation was aborted. ", (void 0), 760))
console.error: Region.sys.mjs: "Failed to fetch region" (new Error("NO_RESULT", "resource://gre/modules/Region.sys.mjs", 414))
DevTools listening on ws://127.0.0.1:41690/devtools/browser/9d9f6adf-9e4d-4bef-a3d5-b8b8ca1359e3
console.error: (new TypeError("this._searchProviderInfo is null", "resource:///modules/SearchSERPTelemetry.sys.mjs", 488))
console.error: (new TypeError("linkMap is undefined", "resource://gre/modules/NewTabUtils.sys.mjs", 2019))
]]></system-err>
</testsuite>
